start-------
0
5000
10000
15000
20000
25000
30000
35000
40000
45000
50000
55000
60000
65000
70000
75000
80000
85000
90000
95000
100000
105000
110000
115000
120000
125000
130000
135000
140000
145000
150000
155000
160000
165000
170000
175000
180000
185000
190000
195000
200000
205000
210000
215000
220000
225000
230000
235000
240000
245000
250000
255000
260000
265000
270000
275000
280000
285000
290000
295000
300000
305000
310000
315000
320000
(321150, 128)
start clustering---------
benign accuracy
0.8004919819399035
test1
15030
10
290263
92650
0.9993351063829787
0.2419609676349458
0.7580390323650542
0.0006648936170212766
test1
Threshold: 0.3

True Positives: 15026
False Negatives: 14
False Positives: 6515
True Negatives: 376398

Accuracy
0.9835935399406462

True Positive Rate
0.9990691489361702
True Negative Rate
0.9829856912666846
False Positive Rate
0.0170143087333154
False Negative Rate
0.0009308510638297873
