INFO:tensorflow:*** Input Files ***
INFO:tensorflow:  training_data/amaan/S3.tfrecord
WARNING:tensorflow:Estimator's model_fn (<function model_fn_builder.<locals>.model_fn at 0x7f59d16db440>) includes params argument, but params are not passed to Estimator.
INFO:tensorflow:Using config: {'_model_dir': 'models/amaan/S3', '_tf_random_seed': None, '_save_summary_steps': 100, '_save_checkpoints_steps': 1000, '_save_checkpoints_secs': None, '_session_config': allow_soft_placement: true
graph_options {
  rewrite_options {
    meta_optimizer_iterations: ONE
  }
}
, '_keep_checkpoint_max': 5, '_keep_checkpoint_every_n_hours': 10000, '_log_step_count_steps': None, '_train_distribute': None, '_device_fn': None, '_protocol': None, '_eval_distribute': None, '_experimental_distribute': None, '_service': None, '_cluster_spec': <tensorflow.python.training.server_lib.ClusterSpec object at 0x7f5963f97610>, '_task_type': 'worker', '_task_id': 0, '_global_id_in_cluster': 0, '_master': '', '_evaluation_master': '', '_is_chief': True, '_num_ps_replicas': 0, '_num_worker_replicas': 1, '_tpu_config': TPUConfig(iterations_per_loop=1000, num_shards=8, num_cores_per_replica=None, per_host_input_for_training=3, tpu_job_name=None, initial_infeed_sleep_secs=None, input_partition_dims=None), '_cluster': None}
INFO:tensorflow:_TPUContext: eval_on_tpu True
WARNING:tensorflow:eval_on_tpu ignored because use_tpu is False.
INFO:tensorflow:***** Running training *****
INFO:tensorflow:  Batch size = 4
INFO:tensorflow:Calling model_fn.
INFO:tensorflow:Running train on CPU
INFO:tensorflow:*** Features ***
INFO:tensorflow:  name = input_ids, shape = (4, 32)
INFO:tensorflow:  name = input_mask, shape = (4, 32)
INFO:tensorflow:  name = masked_lm_ids, shape = (4, 20)
INFO:tensorflow:  name = masked_lm_positions, shape = (4, 20)
INFO:tensorflow:  name = masked_lm_weights, shape = (4, 20)
INFO:tensorflow:  name = next_sentence_labels, shape = (4, 1)
INFO:tensorflow:  name = segment_ids, shape = (4, 32)
INFO:tensorflow:**** Trainable Variables ****
INFO:tensorflow:  name = bert/embeddings/word_embeddings:0, shape = (30522, 128), *INIT_FROM_CKPT*
INFO:tensorflow:  name = bert/embeddings/token_type_embeddings:0, shape = (2, 128), *INIT_FROM_CKPT*
INFO:tensorflow:  name = bert/embeddings/position_embeddings:0, shape = (512, 128), *INIT_FROM_CKPT*
INFO:tensorflow:  name = bert/embeddings/LayerNorm/beta:0, shape = (128,), *INIT_FROM_CKPT*
INFO:tensorflow:  name = bert/embeddings/LayerNorm/gamma:0, shape = (128,), *INIT_FROM_CKPT*
INFO:tensorflow:  name = bert/encoder/layer_0/attention/self/query/kernel:0, shape = (128, 128), *INIT_FROM_CKPT*
INFO:tensorflow:  name = bert/encoder/layer_0/attention/self/query/bias:0, shape = (128,), *INIT_FROM_CKPT*
INFO:tensorflow:  name = bert/encoder/layer_0/attention/self/key/kernel:0, shape = (128, 128), *INIT_FROM_CKPT*
INFO:tensorflow:  name = bert/encoder/layer_0/attention/self/key/bias:0, shape = (128,), *INIT_FROM_CKPT*
INFO:tensorflow:  name = bert/encoder/layer_0/attention/self/value/kernel:0, shape = (128, 128), *INIT_FROM_CKPT*
INFO:tensorflow:  name = bert/encoder/layer_0/attention/self/value/bias:0, shape = (128,), *INIT_FROM_CKPT*
INFO:tensorflow:  name = bert/encoder/layer_0/attention/output/dense/kernel:0, shape = (128, 128), *INIT_FROM_CKPT*
INFO:tensorflow:  name = bert/encoder/layer_0/attention/output/dense/bias:0, shape = (128,), *INIT_FROM_CKPT*
INFO:tensorflow:  name = bert/encoder/layer_0/attention/output/LayerNorm/beta:0, shape = (128,), *INIT_FROM_CKPT*
INFO:tensorflow:  name = bert/encoder/layer_0/attention/output/LayerNorm/gamma:0, shape = (128,), *INIT_FROM_CKPT*
INFO:tensorflow:  name = bert/encoder/layer_0/intermediate/dense/kernel:0, shape = (128, 512), *INIT_FROM_CKPT*
INFO:tensorflow:  name = bert/encoder/layer_0/intermediate/dense/bias:0, shape = (512,), *INIT_FROM_CKPT*
INFO:tensorflow:  name = bert/encoder/layer_0/output/dense/kernel:0, shape = (512, 128), *INIT_FROM_CKPT*
INFO:tensorflow:  name = bert/encoder/layer_0/output/dense/bias:0, shape = (128,), *INIT_FROM_CKPT*
INFO:tensorflow:  name = bert/encoder/layer_0/output/LayerNorm/beta:0, shape = (128,), *INIT_FROM_CKPT*
INFO:tensorflow:  name = bert/encoder/layer_0/output/LayerNorm/gamma:0, shape = (128,), *INIT_FROM_CKPT*
INFO:tensorflow:  name = bert/encoder/layer_1/attention/self/query/kernel:0, shape = (128, 128), *INIT_FROM_CKPT*
INFO:tensorflow:  name = bert/encoder/layer_1/attention/self/query/bias:0, shape = (128,), *INIT_FROM_CKPT*
INFO:tensorflow:  name = bert/encoder/layer_1/attention/self/key/kernel:0, shape = (128, 128), *INIT_FROM_CKPT*
INFO:tensorflow:  name = bert/encoder/layer_1/attention/self/key/bias:0, shape = (128,), *INIT_FROM_CKPT*
INFO:tensorflow:  name = bert/encoder/layer_1/attention/self/value/kernel:0, shape = (128, 128), *INIT_FROM_CKPT*
INFO:tensorflow:  name = bert/encoder/layer_1/attention/self/value/bias:0, shape = (128,), *INIT_FROM_CKPT*
INFO:tensorflow:  name = bert/encoder/layer_1/attention/output/dense/kernel:0, shape = (128, 128), *INIT_FROM_CKPT*
INFO:tensorflow:  name = bert/encoder/layer_1/attention/output/dense/bias:0, shape = (128,), *INIT_FROM_CKPT*
INFO:tensorflow:  name = bert/encoder/layer_1/attention/output/LayerNorm/beta:0, shape = (128,), *INIT_FROM_CKPT*
INFO:tensorflow:  name = bert/encoder/layer_1/attention/output/LayerNorm/gamma:0, shape = (128,), *INIT_FROM_CKPT*
INFO:tensorflow:  name = bert/encoder/layer_1/intermediate/dense/kernel:0, shape = (128, 512), *INIT_FROM_CKPT*
INFO:tensorflow:  name = bert/encoder/layer_1/intermediate/dense/bias:0, shape = (512,), *INIT_FROM_CKPT*
INFO:tensorflow:  name = bert/encoder/layer_1/output/dense/kernel:0, shape = (512, 128), *INIT_FROM_CKPT*
INFO:tensorflow:  name = bert/encoder/layer_1/output/dense/bias:0, shape = (128,), *INIT_FROM_CKPT*
INFO:tensorflow:  name = bert/encoder/layer_1/output/LayerNorm/beta:0, shape = (128,), *INIT_FROM_CKPT*
INFO:tensorflow:  name = bert/encoder/layer_1/output/LayerNorm/gamma:0, shape = (128,), *INIT_FROM_CKPT*
INFO:tensorflow:  name = bert/encoder/layer_2/attention/self/query/kernel:0, shape = (128, 128), *INIT_FROM_CKPT*
INFO:tensorflow:  name = bert/encoder/layer_2/attention/self/query/bias:0, shape = (128,), *INIT_FROM_CKPT*
INFO:tensorflow:  name = bert/encoder/layer_2/attention/self/key/kernel:0, shape = (128, 128), *INIT_FROM_CKPT*
INFO:tensorflow:  name = bert/encoder/layer_2/attention/self/key/bias:0, shape = (128,), *INIT_FROM_CKPT*
INFO:tensorflow:  name = bert/encoder/layer_2/attention/self/value/kernel:0, shape = (128, 128), *INIT_FROM_CKPT*
INFO:tensorflow:  name = bert/encoder/layer_2/attention/self/value/bias:0, shape = (128,), *INIT_FROM_CKPT*
INFO:tensorflow:  name = bert/encoder/layer_2/attention/output/dense/kernel:0, shape = (128, 128), *INIT_FROM_CKPT*
INFO:tensorflow:  name = bert/encoder/layer_2/attention/output/dense/bias:0, shape = (128,), *INIT_FROM_CKPT*
INFO:tensorflow:  name = bert/encoder/layer_2/attention/output/LayerNorm/beta:0, shape = (128,), *INIT_FROM_CKPT*
INFO:tensorflow:  name = bert/encoder/layer_2/attention/output/LayerNorm/gamma:0, shape = (128,), *INIT_FROM_CKPT*
INFO:tensorflow:  name = bert/encoder/layer_2/intermediate/dense/kernel:0, shape = (128, 512), *INIT_FROM_CKPT*
INFO:tensorflow:  name = bert/encoder/layer_2/intermediate/dense/bias:0, shape = (512,), *INIT_FROM_CKPT*
INFO:tensorflow:  name = bert/encoder/layer_2/output/dense/kernel:0, shape = (512, 128), *INIT_FROM_CKPT*
INFO:tensorflow:  name = bert/encoder/layer_2/output/dense/bias:0, shape = (128,), *INIT_FROM_CKPT*
INFO:tensorflow:  name = bert/encoder/layer_2/output/LayerNorm/beta:0, shape = (128,), *INIT_FROM_CKPT*
INFO:tensorflow:  name = bert/encoder/layer_2/output/LayerNorm/gamma:0, shape = (128,), *INIT_FROM_CKPT*
INFO:tensorflow:  name = bert/encoder/layer_3/attention/self/query/kernel:0, shape = (128, 128), *INIT_FROM_CKPT*
INFO:tensorflow:  name = bert/encoder/layer_3/attention/self/query/bias:0, shape = (128,), *INIT_FROM_CKPT*
INFO:tensorflow:  name = bert/encoder/layer_3/attention/self/key/kernel:0, shape = (128, 128), *INIT_FROM_CKPT*
INFO:tensorflow:  name = bert/encoder/layer_3/attention/self/key/bias:0, shape = (128,), *INIT_FROM_CKPT*
INFO:tensorflow:  name = bert/encoder/layer_3/attention/self/value/kernel:0, shape = (128, 128), *INIT_FROM_CKPT*
INFO:tensorflow:  name = bert/encoder/layer_3/attention/self/value/bias:0, shape = (128,), *INIT_FROM_CKPT*
INFO:tensorflow:  name = bert/encoder/layer_3/attention/output/dense/kernel:0, shape = (128, 128), *INIT_FROM_CKPT*
INFO:tensorflow:  name = bert/encoder/layer_3/attention/output/dense/bias:0, shape = (128,), *INIT_FROM_CKPT*
INFO:tensorflow:  name = bert/encoder/layer_3/attention/output/LayerNorm/beta:0, shape = (128,), *INIT_FROM_CKPT*
INFO:tensorflow:  name = bert/encoder/layer_3/attention/output/LayerNorm/gamma:0, shape = (128,), *INIT_FROM_CKPT*
INFO:tensorflow:  name = bert/encoder/layer_3/intermediate/dense/kernel:0, shape = (128, 512), *INIT_FROM_CKPT*
INFO:tensorflow:  name = bert/encoder/layer_3/intermediate/dense/bias:0, shape = (512,), *INIT_FROM_CKPT*
INFO:tensorflow:  name = bert/encoder/layer_3/output/dense/kernel:0, shape = (512, 128), *INIT_FROM_CKPT*
INFO:tensorflow:  name = bert/encoder/layer_3/output/dense/bias:0, shape = (128,), *INIT_FROM_CKPT*
INFO:tensorflow:  name = bert/encoder/layer_3/output/LayerNorm/beta:0, shape = (128,), *INIT_FROM_CKPT*
INFO:tensorflow:  name = bert/encoder/layer_3/output/LayerNorm/gamma:0, shape = (128,), *INIT_FROM_CKPT*
INFO:tensorflow:  name = bert/encoder/layer_4/attention/self/query/kernel:0, shape = (128, 128), *INIT_FROM_CKPT*
INFO:tensorflow:  name = bert/encoder/layer_4/attention/self/query/bias:0, shape = (128,), *INIT_FROM_CKPT*
INFO:tensorflow:  name = bert/encoder/layer_4/attention/self/key/kernel:0, shape = (128, 128), *INIT_FROM_CKPT*
INFO:tensorflow:  name = bert/encoder/layer_4/attention/self/key/bias:0, shape = (128,), *INIT_FROM_CKPT*
INFO:tensorflow:  name = bert/encoder/layer_4/attention/self/value/kernel:0, shape = (128, 128), *INIT_FROM_CKPT*
INFO:tensorflow:  name = bert/encoder/layer_4/attention/self/value/bias:0, shape = (128,), *INIT_FROM_CKPT*
INFO:tensorflow:  name = bert/encoder/layer_4/attention/output/dense/kernel:0, shape = (128, 128), *INIT_FROM_CKPT*
INFO:tensorflow:  name = bert/encoder/layer_4/attention/output/dense/bias:0, shape = (128,), *INIT_FROM_CKPT*
INFO:tensorflow:  name = bert/encoder/layer_4/attention/output/LayerNorm/beta:0, shape = (128,), *INIT_FROM_CKPT*
INFO:tensorflow:  name = bert/encoder/layer_4/attention/output/LayerNorm/gamma:0, shape = (128,), *INIT_FROM_CKPT*
INFO:tensorflow:  name = bert/encoder/layer_4/intermediate/dense/kernel:0, shape = (128, 512), *INIT_FROM_CKPT*
INFO:tensorflow:  name = bert/encoder/layer_4/intermediate/dense/bias:0, shape = (512,), *INIT_FROM_CKPT*
INFO:tensorflow:  name = bert/encoder/layer_4/output/dense/kernel:0, shape = (512, 128), *INIT_FROM_CKPT*
INFO:tensorflow:  name = bert/encoder/layer_4/output/dense/bias:0, shape = (128,), *INIT_FROM_CKPT*
INFO:tensorflow:  name = bert/encoder/layer_4/output/LayerNorm/beta:0, shape = (128,), *INIT_FROM_CKPT*
INFO:tensorflow:  name = bert/encoder/layer_4/output/LayerNorm/gamma:0, shape = (128,), *INIT_FROM_CKPT*
INFO:tensorflow:  name = bert/encoder/layer_5/attention/self/query/kernel:0, shape = (128, 128), *INIT_FROM_CKPT*
INFO:tensorflow:  name = bert/encoder/layer_5/attention/self/query/bias:0, shape = (128,), *INIT_FROM_CKPT*
INFO:tensorflow:  name = bert/encoder/layer_5/attention/self/key/kernel:0, shape = (128, 128), *INIT_FROM_CKPT*
INFO:tensorflow:  name = bert/encoder/layer_5/attention/self/key/bias:0, shape = (128,), *INIT_FROM_CKPT*
INFO:tensorflow:  name = bert/encoder/layer_5/attention/self/value/kernel:0, shape = (128, 128), *INIT_FROM_CKPT*
INFO:tensorflow:  name = bert/encoder/layer_5/attention/self/value/bias:0, shape = (128,), *INIT_FROM_CKPT*
INFO:tensorflow:  name = bert/encoder/layer_5/attention/output/dense/kernel:0, shape = (128, 128), *INIT_FROM_CKPT*
INFO:tensorflow:  name = bert/encoder/layer_5/attention/output/dense/bias:0, shape = (128,), *INIT_FROM_CKPT*
INFO:tensorflow:  name = bert/encoder/layer_5/attention/output/LayerNorm/beta:0, shape = (128,), *INIT_FROM_CKPT*
INFO:tensorflow:  name = bert/encoder/layer_5/attention/output/LayerNorm/gamma:0, shape = (128,), *INIT_FROM_CKPT*
INFO:tensorflow:  name = bert/encoder/layer_5/intermediate/dense/kernel:0, shape = (128, 512), *INIT_FROM_CKPT*
INFO:tensorflow:  name = bert/encoder/layer_5/intermediate/dense/bias:0, shape = (512,), *INIT_FROM_CKPT*
INFO:tensorflow:  name = bert/encoder/layer_5/output/dense/kernel:0, shape = (512, 128), *INIT_FROM_CKPT*
INFO:tensorflow:  name = bert/encoder/layer_5/output/dense/bias:0, shape = (128,), *INIT_FROM_CKPT*
INFO:tensorflow:  name = bert/encoder/layer_5/output/LayerNorm/beta:0, shape = (128,), *INIT_FROM_CKPT*
INFO:tensorflow:  name = bert/encoder/layer_5/output/LayerNorm/gamma:0, shape = (128,), *INIT_FROM_CKPT*
INFO:tensorflow:  name = bert/pooler/dense/kernel:0, shape = (128, 128), *INIT_FROM_CKPT*
INFO:tensorflow:  name = bert/pooler/dense/bias:0, shape = (128,), *INIT_FROM_CKPT*
INFO:tensorflow:  name = cls/predictions/transform/dense/kernel:0, shape = (128, 128), *INIT_FROM_CKPT*
INFO:tensorflow:  name = cls/predictions/transform/dense/bias:0, shape = (128,), *INIT_FROM_CKPT*
INFO:tensorflow:  name = cls/predictions/transform/LayerNorm/beta:0, shape = (128,), *INIT_FROM_CKPT*
INFO:tensorflow:  name = cls/predictions/transform/LayerNorm/gamma:0, shape = (128,), *INIT_FROM_CKPT*
INFO:tensorflow:  name = cls/predictions/output_bias:0, shape = (30522,), *INIT_FROM_CKPT*
INFO:tensorflow:  name = cls/seq_relationship/output_weights:0, shape = (2, 128), *INIT_FROM_CKPT*
INFO:tensorflow:  name = cls/seq_relationship/output_bias:0, shape = (2,), *INIT_FROM_CKPT*
INFO:tensorflow:Done calling model_fn.
INFO:tensorflow:Create CheckpointSaverHook.
INFO:tensorflow:Graph was finalized.
2024-10-14 05:58:03.475784: I tensorflow/core/platform/cpu_feature_guard.cc:141] Your CPU supports instructions that this TensorFlow binary was not compiled to use: AVX2 AVX512F FMA
INFO:tensorflow:Running local_init_op.
INFO:tensorflow:Done running local_init_op.
INFO:tensorflow:Saving checkpoints for 0 into models/amaan/S3/model.ckpt.
INFO:tensorflow:global_step/sec: 7.78468
INFO:tensorflow:examples/sec: 31.1387
INFO:tensorflow:global_step/sec: 8.29571
INFO:tensorflow:examples/sec: 33.1828
INFO:tensorflow:global_step/sec: 8.33604
INFO:tensorflow:examples/sec: 33.3442
INFO:tensorflow:global_step/sec: 8.25977
INFO:tensorflow:examples/sec: 33.0391
INFO:tensorflow:global_step/sec: 8.1997
INFO:tensorflow:examples/sec: 32.7988
INFO:tensorflow:global_step/sec: 8.27163
INFO:tensorflow:examples/sec: 33.0865
INFO:tensorflow:global_step/sec: 8.29386
INFO:tensorflow:examples/sec: 33.1754
INFO:tensorflow:global_step/sec: 8.40302
INFO:tensorflow:examples/sec: 33.6121
INFO:tensorflow:global_step/sec: 8.37338
INFO:tensorflow:examples/sec: 33.4935
INFO:tensorflow:Saving checkpoints for 1000 into models/amaan/S3/model.ckpt.
INFO:tensorflow:global_step/sec: 7.98836
INFO:tensorflow:examples/sec: 31.9534
INFO:tensorflow:global_step/sec: 8.26037
INFO:tensorflow:examples/sec: 33.0415
INFO:tensorflow:global_step/sec: 8.31692
INFO:tensorflow:examples/sec: 33.2677
INFO:tensorflow:global_step/sec: 8.37744
INFO:tensorflow:examples/sec: 33.5098
INFO:tensorflow:global_step/sec: 8.30407
INFO:tensorflow:examples/sec: 33.2163
INFO:tensorflow:global_step/sec: 8.35144
INFO:tensorflow:examples/sec: 33.4058
INFO:tensorflow:global_step/sec: 8.26913
INFO:tensorflow:examples/sec: 33.0765
INFO:tensorflow:global_step/sec: 8.33161
INFO:tensorflow:examples/sec: 33.3264
INFO:tensorflow:global_step/sec: 8.24311
INFO:tensorflow:examples/sec: 32.9724
INFO:tensorflow:global_step/sec: 8.32321
INFO:tensorflow:examples/sec: 33.2928
INFO:tensorflow:Saving checkpoints for 2000 into models/amaan/S3/model.ckpt.
INFO:tensorflow:global_step/sec: 7.94332
INFO:tensorflow:examples/sec: 31.7733
INFO:tensorflow:global_step/sec: 8.32602
INFO:tensorflow:examples/sec: 33.3041
INFO:tensorflow:global_step/sec: 8.32677
INFO:tensorflow:examples/sec: 33.3071
INFO:tensorflow:global_step/sec: 8.29262
INFO:tensorflow:examples/sec: 33.1705
INFO:tensorflow:global_step/sec: 8.35086
INFO:tensorflow:examples/sec: 33.4034
INFO:tensorflow:global_step/sec: 8.29616
INFO:tensorflow:examples/sec: 33.1847
INFO:tensorflow:global_step/sec: 8.27763
INFO:tensorflow:examples/sec: 33.1105
INFO:tensorflow:global_step/sec: 8.34906
INFO:tensorflow:examples/sec: 33.3963
INFO:tensorflow:global_step/sec: 8.31474
INFO:tensorflow:examples/sec: 33.259
INFO:tensorflow:global_step/sec: 8.33288
INFO:tensorflow:examples/sec: 33.3315
INFO:tensorflow:Saving checkpoints for 3000 into models/amaan/S3/model.ckpt.
INFO:tensorflow:global_step/sec: 7.94377
INFO:tensorflow:examples/sec: 31.7751
INFO:tensorflow:global_step/sec: 8.28862
INFO:tensorflow:examples/sec: 33.1545
INFO:tensorflow:global_step/sec: 8.29753
INFO:tensorflow:examples/sec: 33.1901
INFO:tensorflow:global_step/sec: 8.38251
INFO:tensorflow:examples/sec: 33.5301
INFO:tensorflow:global_step/sec: 8.30764
INFO:tensorflow:examples/sec: 33.2305
INFO:tensorflow:global_step/sec: 8.29224
INFO:tensorflow:examples/sec: 33.169
INFO:tensorflow:global_step/sec: 8.33652
INFO:tensorflow:examples/sec: 33.3461
INFO:tensorflow:global_step/sec: 8.38458
INFO:tensorflow:examples/sec: 33.5383
INFO:tensorflow:global_step/sec: 8.21594
INFO:tensorflow:examples/sec: 32.8638
INFO:tensorflow:global_step/sec: 8.29671
INFO:tensorflow:examples/sec: 33.1869
INFO:tensorflow:Saving checkpoints for 4000 into models/amaan/S3/model.ckpt.
INFO:tensorflow:global_step/sec: 7.92818
INFO:tensorflow:examples/sec: 31.7127
INFO:tensorflow:global_step/sec: 8.32913
INFO:tensorflow:examples/sec: 33.3165
INFO:tensorflow:global_step/sec: 8.35422
INFO:tensorflow:examples/sec: 33.4169
INFO:tensorflow:global_step/sec: 8.39421
INFO:tensorflow:examples/sec: 33.5768
INFO:tensorflow:global_step/sec: 8.31923
INFO:tensorflow:examples/sec: 33.2769
INFO:tensorflow:global_step/sec: 8.41766
INFO:tensorflow:examples/sec: 33.6706
INFO:tensorflow:global_step/sec: 8.33277
INFO:tensorflow:examples/sec: 33.3311
INFO:tensorflow:global_step/sec: 8.24632
INFO:tensorflow:examples/sec: 32.9853
INFO:tensorflow:global_step/sec: 8.29166
INFO:tensorflow:examples/sec: 33.1666
INFO:tensorflow:global_step/sec: 8.32029
INFO:tensorflow:examples/sec: 33.2812
INFO:tensorflow:Saving checkpoints for 5000 into models/amaan/S3/model.ckpt.
INFO:tensorflow:global_step/sec: 7.93258
INFO:tensorflow:examples/sec: 31.7303
INFO:tensorflow:global_step/sec: 8.30446
INFO:tensorflow:examples/sec: 33.2178
INFO:tensorflow:global_step/sec: 8.32516
INFO:tensorflow:examples/sec: 33.3007
INFO:tensorflow:global_step/sec: 8.23371
INFO:tensorflow:examples/sec: 32.9348
INFO:tensorflow:global_step/sec: 8.23377
INFO:tensorflow:examples/sec: 32.9351
INFO:tensorflow:global_step/sec: 8.31031
INFO:tensorflow:examples/sec: 33.2412
INFO:tensorflow:global_step/sec: 8.35852
INFO:tensorflow:examples/sec: 33.4341
INFO:tensorflow:global_step/sec: 8.27627
INFO:tensorflow:examples/sec: 33.1051
INFO:tensorflow:global_step/sec: 8.29384
INFO:tensorflow:examples/sec: 33.1754
INFO:tensorflow:global_step/sec: 8.44243
INFO:tensorflow:examples/sec: 33.7697
INFO:tensorflow:Saving checkpoints for 6000 into models/amaan/S3/model.ckpt.
INFO:tensorflow:global_step/sec: 7.94201
INFO:tensorflow:examples/sec: 31.768
INFO:tensorflow:global_step/sec: 8.29436
INFO:tensorflow:examples/sec: 33.1774
INFO:tensorflow:global_step/sec: 8.23203
INFO:tensorflow:examples/sec: 32.9281
INFO:tensorflow:global_step/sec: 8.3001
INFO:tensorflow:examples/sec: 33.2004
INFO:tensorflow:global_step/sec: 8.30175
INFO:tensorflow:examples/sec: 33.207
INFO:tensorflow:global_step/sec: 8.32065
INFO:tensorflow:examples/sec: 33.2826
INFO:tensorflow:global_step/sec: 8.33749
INFO:tensorflow:examples/sec: 33.3499
INFO:tensorflow:global_step/sec: 8.23497
INFO:tensorflow:examples/sec: 32.9399
INFO:tensorflow:global_step/sec: 8.3336
INFO:tensorflow:examples/sec: 33.3344
INFO:tensorflow:global_step/sec: 8.30819
INFO:tensorflow:examples/sec: 33.2328
INFO:tensorflow:Saving checkpoints for 7000 into models/amaan/S3/model.ckpt.
INFO:tensorflow:global_step/sec: 7.99378
INFO:tensorflow:examples/sec: 31.9751
INFO:tensorflow:global_step/sec: 8.33747
INFO:tensorflow:examples/sec: 33.3499
INFO:tensorflow:global_step/sec: 8.29214
INFO:tensorflow:examples/sec: 33.1686
INFO:tensorflow:global_step/sec: 8.33357
INFO:tensorflow:examples/sec: 33.3343
INFO:tensorflow:global_step/sec: 8.25343
INFO:tensorflow:examples/sec: 33.0137
INFO:tensorflow:global_step/sec: 8.26988
INFO:tensorflow:examples/sec: 33.0795
INFO:tensorflow:global_step/sec: 8.30271
INFO:tensorflow:examples/sec: 33.2108
INFO:tensorflow:global_step/sec: 8.24571
INFO:tensorflow:examples/sec: 32.9829
INFO:tensorflow:global_step/sec: 8.29406
INFO:tensorflow:examples/sec: 33.1763
INFO:tensorflow:global_step/sec: 8.28627
INFO:tensorflow:examples/sec: 33.1451
INFO:tensorflow:Saving checkpoints for 8000 into models/amaan/S3/model.ckpt.
INFO:tensorflow:global_step/sec: 7.93492
INFO:tensorflow:examples/sec: 31.7397
INFO:tensorflow:global_step/sec: 8.37976
INFO:tensorflow:examples/sec: 33.5191
INFO:tensorflow:global_step/sec: 8.28536
INFO:tensorflow:examples/sec: 33.1414
INFO:tensorflow:global_step/sec: 8.25156
INFO:tensorflow:examples/sec: 33.0062
INFO:tensorflow:global_step/sec: 8.30168
INFO:tensorflow:examples/sec: 33.2067
INFO:tensorflow:global_step/sec: 8.32457
INFO:tensorflow:examples/sec: 33.2983
INFO:tensorflow:global_step/sec: 8.29521
INFO:tensorflow:examples/sec: 33.1808
INFO:tensorflow:global_step/sec: 8.34219
INFO:tensorflow:examples/sec: 33.3688
INFO:tensorflow:global_step/sec: 8.33714
INFO:tensorflow:examples/sec: 33.3486
INFO:tensorflow:global_step/sec: 8.2321
INFO:tensorflow:examples/sec: 32.9284
INFO:tensorflow:Saving checkpoints for 9000 into models/amaan/S3/model.ckpt.
INFO:tensorflow:global_step/sec: 7.87544
INFO:tensorflow:examples/sec: 31.5018
INFO:tensorflow:global_step/sec: 8.28613
INFO:tensorflow:examples/sec: 33.1445
INFO:tensorflow:global_step/sec: 8.2333
INFO:tensorflow:examples/sec: 32.9332
INFO:tensorflow:global_step/sec: 8.30254
INFO:tensorflow:examples/sec: 33.2102
INFO:tensorflow:global_step/sec: 8.26717
INFO:tensorflow:examples/sec: 33.0687
INFO:tensorflow:global_step/sec: 8.24269
INFO:tensorflow:examples/sec: 32.9708
INFO:tensorflow:global_step/sec: 8.30071
INFO:tensorflow:examples/sec: 33.2028
INFO:tensorflow:global_step/sec: 8.30552
INFO:tensorflow:examples/sec: 33.2221
INFO:tensorflow:global_step/sec: 8.2712
INFO:tensorflow:examples/sec: 33.0848
INFO:tensorflow:global_step/sec: 8.2884
INFO:tensorflow:examples/sec: 33.1536
INFO:tensorflow:Saving checkpoints for 10000 into models/amaan/S3/model.ckpt.
INFO:tensorflow:Loss for final step: 2.1902761.
INFO:tensorflow:training_loop marked as finished
INFO:tensorflow:***** Running evaluation *****
INFO:tensorflow:  Batch size = 8
INFO:tensorflow:Calling model_fn.
INFO:tensorflow:Running eval on CPU
INFO:tensorflow:*** Features ***
INFO:tensorflow:  name = input_ids, shape = (8, 32)
INFO:tensorflow:  name = input_mask, shape = (8, 32)
INFO:tensorflow:  name = masked_lm_ids, shape = (8, 20)
INFO:tensorflow:  name = masked_lm_positions, shape = (8, 20)
INFO:tensorflow:  name = masked_lm_weights, shape = (8, 20)
INFO:tensorflow:  name = next_sentence_labels, shape = (8, 1)
INFO:tensorflow:  name = segment_ids, shape = (8, 32)
INFO:tensorflow:**** Trainable Variables ****
INFO:tensorflow:  name = bert/embeddings/word_embeddings:0, shape = (30522, 128), *INIT_FROM_CKPT*
INFO:tensorflow:  name = bert/embeddings/token_type_embeddings:0, shape = (2, 128), *INIT_FROM_CKPT*
INFO:tensorflow:  name = bert/embeddings/position_embeddings:0, shape = (512, 128), *INIT_FROM_CKPT*
INFO:tensorflow:  name = bert/embeddings/LayerNorm/beta:0, shape = (128,), *INIT_FROM_CKPT*
INFO:tensorflow:  name = bert/embeddings/LayerNorm/gamma:0, shape = (128,), *INIT_FROM_CKPT*
INFO:tensorflow:  name = bert/encoder/layer_0/attention/self/query/kernel:0, shape = (128, 128), *INIT_FROM_CKPT*
INFO:tensorflow:  name = bert/encoder/layer_0/attention/self/query/bias:0, shape = (128,), *INIT_FROM_CKPT*
INFO:tensorflow:  name = bert/encoder/layer_0/attention/self/key/kernel:0, shape = (128, 128), *INIT_FROM_CKPT*
INFO:tensorflow:  name = bert/encoder/layer_0/attention/self/key/bias:0, shape = (128,), *INIT_FROM_CKPT*
INFO:tensorflow:  name = bert/encoder/layer_0/attention/self/value/kernel:0, shape = (128, 128), *INIT_FROM_CKPT*
INFO:tensorflow:  name = bert/encoder/layer_0/attention/self/value/bias:0, shape = (128,), *INIT_FROM_CKPT*
INFO:tensorflow:  name = bert/encoder/layer_0/attention/output/dense/kernel:0, shape = (128, 128), *INIT_FROM_CKPT*
INFO:tensorflow:  name = bert/encoder/layer_0/attention/output/dense/bias:0, shape = (128,), *INIT_FROM_CKPT*
INFO:tensorflow:  name = bert/encoder/layer_0/attention/output/LayerNorm/beta:0, shape = (128,), *INIT_FROM_CKPT*
INFO:tensorflow:  name = bert/encoder/layer_0/attention/output/LayerNorm/gamma:0, shape = (128,), *INIT_FROM_CKPT*
INFO:tensorflow:  name = bert/encoder/layer_0/intermediate/dense/kernel:0, shape = (128, 512), *INIT_FROM_CKPT*
INFO:tensorflow:  name = bert/encoder/layer_0/intermediate/dense/bias:0, shape = (512,), *INIT_FROM_CKPT*
INFO:tensorflow:  name = bert/encoder/layer_0/output/dense/kernel:0, shape = (512, 128), *INIT_FROM_CKPT*
INFO:tensorflow:  name = bert/encoder/layer_0/output/dense/bias:0, shape = (128,), *INIT_FROM_CKPT*
INFO:tensorflow:  name = bert/encoder/layer_0/output/LayerNorm/beta:0, shape = (128,), *INIT_FROM_CKPT*
INFO:tensorflow:  name = bert/encoder/layer_0/output/LayerNorm/gamma:0, shape = (128,), *INIT_FROM_CKPT*
INFO:tensorflow:  name = bert/encoder/layer_1/attention/self/query/kernel:0, shape = (128, 128), *INIT_FROM_CKPT*
INFO:tensorflow:  name = bert/encoder/layer_1/attention/self/query/bias:0, shape = (128,), *INIT_FROM_CKPT*
INFO:tensorflow:  name = bert/encoder/layer_1/attention/self/key/kernel:0, shape = (128, 128), *INIT_FROM_CKPT*
INFO:tensorflow:  name = bert/encoder/layer_1/attention/self/key/bias:0, shape = (128,), *INIT_FROM_CKPT*
INFO:tensorflow:  name = bert/encoder/layer_1/attention/self/value/kernel:0, shape = (128, 128), *INIT_FROM_CKPT*
INFO:tensorflow:  name = bert/encoder/layer_1/attention/self/value/bias:0, shape = (128,), *INIT_FROM_CKPT*
INFO:tensorflow:  name = bert/encoder/layer_1/attention/output/dense/kernel:0, shape = (128, 128), *INIT_FROM_CKPT*
INFO:tensorflow:  name = bert/encoder/layer_1/attention/output/dense/bias:0, shape = (128,), *INIT_FROM_CKPT*
INFO:tensorflow:  name = bert/encoder/layer_1/attention/output/LayerNorm/beta:0, shape = (128,), *INIT_FROM_CKPT*
INFO:tensorflow:  name = bert/encoder/layer_1/attention/output/LayerNorm/gamma:0, shape = (128,), *INIT_FROM_CKPT*
INFO:tensorflow:  name = bert/encoder/layer_1/intermediate/dense/kernel:0, shape = (128, 512), *INIT_FROM_CKPT*
INFO:tensorflow:  name = bert/encoder/layer_1/intermediate/dense/bias:0, shape = (512,), *INIT_FROM_CKPT*
INFO:tensorflow:  name = bert/encoder/layer_1/output/dense/kernel:0, shape = (512, 128), *INIT_FROM_CKPT*
INFO:tensorflow:  name = bert/encoder/layer_1/output/dense/bias:0, shape = (128,), *INIT_FROM_CKPT*
INFO:tensorflow:  name = bert/encoder/layer_1/output/LayerNorm/beta:0, shape = (128,), *INIT_FROM_CKPT*
INFO:tensorflow:  name = bert/encoder/layer_1/output/LayerNorm/gamma:0, shape = (128,), *INIT_FROM_CKPT*
INFO:tensorflow:  name = bert/encoder/layer_2/attention/self/query/kernel:0, shape = (128, 128), *INIT_FROM_CKPT*
INFO:tensorflow:  name = bert/encoder/layer_2/attention/self/query/bias:0, shape = (128,), *INIT_FROM_CKPT*
INFO:tensorflow:  name = bert/encoder/layer_2/attention/self/key/kernel:0, shape = (128, 128), *INIT_FROM_CKPT*
INFO:tensorflow:  name = bert/encoder/layer_2/attention/self/key/bias:0, shape = (128,), *INIT_FROM_CKPT*
INFO:tensorflow:  name = bert/encoder/layer_2/attention/self/value/kernel:0, shape = (128, 128), *INIT_FROM_CKPT*
INFO:tensorflow:  name = bert/encoder/layer_2/attention/self/value/bias:0, shape = (128,), *INIT_FROM_CKPT*
INFO:tensorflow:  name = bert/encoder/layer_2/attention/output/dense/kernel:0, shape = (128, 128), *INIT_FROM_CKPT*
INFO:tensorflow:  name = bert/encoder/layer_2/attention/output/dense/bias:0, shape = (128,), *INIT_FROM_CKPT*
INFO:tensorflow:  name = bert/encoder/layer_2/attention/output/LayerNorm/beta:0, shape = (128,), *INIT_FROM_CKPT*
INFO:tensorflow:  name = bert/encoder/layer_2/attention/output/LayerNorm/gamma:0, shape = (128,), *INIT_FROM_CKPT*
INFO:tensorflow:  name = bert/encoder/layer_2/intermediate/dense/kernel:0, shape = (128, 512), *INIT_FROM_CKPT*
INFO:tensorflow:  name = bert/encoder/layer_2/intermediate/dense/bias:0, shape = (512,), *INIT_FROM_CKPT*
INFO:tensorflow:  name = bert/encoder/layer_2/output/dense/kernel:0, shape = (512, 128), *INIT_FROM_CKPT*
INFO:tensorflow:  name = bert/encoder/layer_2/output/dense/bias:0, shape = (128,), *INIT_FROM_CKPT*
INFO:tensorflow:  name = bert/encoder/layer_2/output/LayerNorm/beta:0, shape = (128,), *INIT_FROM_CKPT*
INFO:tensorflow:  name = bert/encoder/layer_2/output/LayerNorm/gamma:0, shape = (128,), *INIT_FROM_CKPT*
INFO:tensorflow:  name = bert/encoder/layer_3/attention/self/query/kernel:0, shape = (128, 128), *INIT_FROM_CKPT*
INFO:tensorflow:  name = bert/encoder/layer_3/attention/self/query/bias:0, shape = (128,), *INIT_FROM_CKPT*
INFO:tensorflow:  name = bert/encoder/layer_3/attention/self/key/kernel:0, shape = (128, 128), *INIT_FROM_CKPT*
INFO:tensorflow:  name = bert/encoder/layer_3/attention/self/key/bias:0, shape = (128,), *INIT_FROM_CKPT*
INFO:tensorflow:  name = bert/encoder/layer_3/attention/self/value/kernel:0, shape = (128, 128), *INIT_FROM_CKPT*
INFO:tensorflow:  name = bert/encoder/layer_3/attention/self/value/bias:0, shape = (128,), *INIT_FROM_CKPT*
INFO:tensorflow:  name = bert/encoder/layer_3/attention/output/dense/kernel:0, shape = (128, 128), *INIT_FROM_CKPT*
INFO:tensorflow:  name = bert/encoder/layer_3/attention/output/dense/bias:0, shape = (128,), *INIT_FROM_CKPT*
INFO:tensorflow:  name = bert/encoder/layer_3/attention/output/LayerNorm/beta:0, shape = (128,), *INIT_FROM_CKPT*
INFO:tensorflow:  name = bert/encoder/layer_3/attention/output/LayerNorm/gamma:0, shape = (128,), *INIT_FROM_CKPT*
INFO:tensorflow:  name = bert/encoder/layer_3/intermediate/dense/kernel:0, shape = (128, 512), *INIT_FROM_CKPT*
INFO:tensorflow:  name = bert/encoder/layer_3/intermediate/dense/bias:0, shape = (512,), *INIT_FROM_CKPT*
INFO:tensorflow:  name = bert/encoder/layer_3/output/dense/kernel:0, shape = (512, 128), *INIT_FROM_CKPT*
INFO:tensorflow:  name = bert/encoder/layer_3/output/dense/bias:0, shape = (128,), *INIT_FROM_CKPT*
INFO:tensorflow:  name = bert/encoder/layer_3/output/LayerNorm/beta:0, shape = (128,), *INIT_FROM_CKPT*
INFO:tensorflow:  name = bert/encoder/layer_3/output/LayerNorm/gamma:0, shape = (128,), *INIT_FROM_CKPT*
INFO:tensorflow:  name = bert/encoder/layer_4/attention/self/query/kernel:0, shape = (128, 128), *INIT_FROM_CKPT*
INFO:tensorflow:  name = bert/encoder/layer_4/attention/self/query/bias:0, shape = (128,), *INIT_FROM_CKPT*
INFO:tensorflow:  name = bert/encoder/layer_4/attention/self/key/kernel:0, shape = (128, 128), *INIT_FROM_CKPT*
INFO:tensorflow:  name = bert/encoder/layer_4/attention/self/key/bias:0, shape = (128,), *INIT_FROM_CKPT*
INFO:tensorflow:  name = bert/encoder/layer_4/attention/self/value/kernel:0, shape = (128, 128), *INIT_FROM_CKPT*
INFO:tensorflow:  name = bert/encoder/layer_4/attention/self/value/bias:0, shape = (128,), *INIT_FROM_CKPT*
INFO:tensorflow:  name = bert/encoder/layer_4/attention/output/dense/kernel:0, shape = (128, 128), *INIT_FROM_CKPT*
INFO:tensorflow:  name = bert/encoder/layer_4/attention/output/dense/bias:0, shape = (128,), *INIT_FROM_CKPT*
INFO:tensorflow:  name = bert/encoder/layer_4/attention/output/LayerNorm/beta:0, shape = (128,), *INIT_FROM_CKPT*
INFO:tensorflow:  name = bert/encoder/layer_4/attention/output/LayerNorm/gamma:0, shape = (128,), *INIT_FROM_CKPT*
INFO:tensorflow:  name = bert/encoder/layer_4/intermediate/dense/kernel:0, shape = (128, 512), *INIT_FROM_CKPT*
INFO:tensorflow:  name = bert/encoder/layer_4/intermediate/dense/bias:0, shape = (512,), *INIT_FROM_CKPT*
INFO:tensorflow:  name = bert/encoder/layer_4/output/dense/kernel:0, shape = (512, 128), *INIT_FROM_CKPT*
INFO:tensorflow:  name = bert/encoder/layer_4/output/dense/bias:0, shape = (128,), *INIT_FROM_CKPT*
INFO:tensorflow:  name = bert/encoder/layer_4/output/LayerNorm/beta:0, shape = (128,), *INIT_FROM_CKPT*
INFO:tensorflow:  name = bert/encoder/layer_4/output/LayerNorm/gamma:0, shape = (128,), *INIT_FROM_CKPT*
INFO:tensorflow:  name = bert/encoder/layer_5/attention/self/query/kernel:0, shape = (128, 128), *INIT_FROM_CKPT*
INFO:tensorflow:  name = bert/encoder/layer_5/attention/self/query/bias:0, shape = (128,), *INIT_FROM_CKPT*
INFO:tensorflow:  name = bert/encoder/layer_5/attention/self/key/kernel:0, shape = (128, 128), *INIT_FROM_CKPT*
INFO:tensorflow:  name = bert/encoder/layer_5/attention/self/key/bias:0, shape = (128,), *INIT_FROM_CKPT*
INFO:tensorflow:  name = bert/encoder/layer_5/attention/self/value/kernel:0, shape = (128, 128), *INIT_FROM_CKPT*
INFO:tensorflow:  name = bert/encoder/layer_5/attention/self/value/bias:0, shape = (128,), *INIT_FROM_CKPT*
INFO:tensorflow:  name = bert/encoder/layer_5/attention/output/dense/kernel:0, shape = (128, 128), *INIT_FROM_CKPT*
INFO:tensorflow:  name = bert/encoder/layer_5/attention/output/dense/bias:0, shape = (128,), *INIT_FROM_CKPT*
INFO:tensorflow:  name = bert/encoder/layer_5/attention/output/LayerNorm/beta:0, shape = (128,), *INIT_FROM_CKPT*
INFO:tensorflow:  name = bert/encoder/layer_5/attention/output/LayerNorm/gamma:0, shape = (128,), *INIT_FROM_CKPT*
INFO:tensorflow:  name = bert/encoder/layer_5/intermediate/dense/kernel:0, shape = (128, 512), *INIT_FROM_CKPT*
INFO:tensorflow:  name = bert/encoder/layer_5/intermediate/dense/bias:0, shape = (512,), *INIT_FROM_CKPT*
INFO:tensorflow:  name = bert/encoder/layer_5/output/dense/kernel:0, shape = (512, 128), *INIT_FROM_CKPT*
INFO:tensorflow:  name = bert/encoder/layer_5/output/dense/bias:0, shape = (128,), *INIT_FROM_CKPT*
INFO:tensorflow:  name = bert/encoder/layer_5/output/LayerNorm/beta:0, shape = (128,), *INIT_FROM_CKPT*
INFO:tensorflow:  name = bert/encoder/layer_5/output/LayerNorm/gamma:0, shape = (128,), *INIT_FROM_CKPT*
INFO:tensorflow:  name = bert/pooler/dense/kernel:0, shape = (128, 128), *INIT_FROM_CKPT*
INFO:tensorflow:  name = bert/pooler/dense/bias:0, shape = (128,), *INIT_FROM_CKPT*
INFO:tensorflow:  name = cls/predictions/transform/dense/kernel:0, shape = (128, 128), *INIT_FROM_CKPT*
INFO:tensorflow:  name = cls/predictions/transform/dense/bias:0, shape = (128,), *INIT_FROM_CKPT*
INFO:tensorflow:  name = cls/predictions/transform/LayerNorm/beta:0, shape = (128,), *INIT_FROM_CKPT*
INFO:tensorflow:  name = cls/predictions/transform/LayerNorm/gamma:0, shape = (128,), *INIT_FROM_CKPT*
INFO:tensorflow:  name = cls/predictions/output_bias:0, shape = (30522,), *INIT_FROM_CKPT*
INFO:tensorflow:  name = cls/seq_relationship/output_weights:0, shape = (2, 128), *INIT_FROM_CKPT*
INFO:tensorflow:  name = cls/seq_relationship/output_bias:0, shape = (2,), *INIT_FROM_CKPT*
INFO:tensorflow:Done calling model_fn.
INFO:tensorflow:Starting evaluation at 2024-10-14-01:18:21
INFO:tensorflow:Graph was finalized.
INFO:tensorflow:Restoring parameters from models/amaan/S3/model.ckpt-10000
INFO:tensorflow:Running local_init_op.
INFO:tensorflow:Done running local_init_op.
INFO:tensorflow:Evaluation [10/100]
INFO:tensorflow:Evaluation [20/100]
INFO:tensorflow:Evaluation [30/100]
INFO:tensorflow:Evaluation [40/100]
INFO:tensorflow:Evaluation [50/100]
INFO:tensorflow:Evaluation [60/100]
INFO:tensorflow:Evaluation [70/100]
INFO:tensorflow:Evaluation [80/100]
INFO:tensorflow:Evaluation [90/100]
INFO:tensorflow:Evaluation [100/100]
INFO:tensorflow:Finished evaluation at 2024-10-14-01:18:26
INFO:tensorflow:Saving dict for global step 10000: global_step = 10000, loss = 1.4154643, masked_lm_accuracy = 0.80225, masked_lm_loss = 1.2378659, next_sentence_accuracy = 0.935, next_sentence_loss = 0.1775984
INFO:tensorflow:Saving 'checkpoint_path' summary for global step 10000: models/amaan/S3/model.ckpt-10000
INFO:tensorflow:evaluation_loop marked as finished
INFO:tensorflow:***** Eval results *****
INFO:tensorflow:  global_step = 10000
INFO:tensorflow:  loss = 1.4154643
INFO:tensorflow:  masked_lm_accuracy = 0.80225
INFO:tensorflow:  masked_lm_loss = 1.2378659
INFO:tensorflow:  next_sentence_accuracy = 0.935
INFO:tensorflow:  next_sentence_loss = 0.1775984
